# JRE version: Java(TM) SE Runtime Environment (8.0_181-b13) (build 1.8.0_181-b13)
# Java VM: Java HotSpot(TM) 64-Bit Server VM (25.181-b13 mixed mode windows-amd64 compressed oops)
Heap:
 PSYoungGen      total 475136K, used 346163K [0x00000000e0000000, 0x0000000100000000, 0x0000000100000000)
  eden space 431104K, 74% used [0x00000000e0000000,0x00000000f37940c8,0x00000000fa500000)
  from space 44032K, 61% used [0x00000000fa500000,0x00000000fbf78de0,0x00000000fd000000)
  to   space 45568K, 0% used [0x00000000fd380000,0x00000000fd380000,0x0000000100000000)
 ParOldGen       total 1048576K, used 461592K [0x00000000a0000000, 0x00000000e0000000, 0x00000000e0000000)
  object space 1048576K, 44% used [0x00000000a0000000,0x00000000bc2c60a8,0x00000000e0000000)
 Metaspace       used 522660K, capacity 539267K, committed 547968K, reserved 1529856K
  class space    used 62819K, capacity 66103K, committed 67968K, reserved 1048576K
GC Heap History (10 events):
Event: 3314.577 GC heap before
{Heap before GC invocations=303 (full 18):
 PSYoungGen      total 463872K, used 421346K [0x00000000e0000000, 0x00000000ff700000, 0x0000000100000000)
  eden space 411648K, 100% used [0x00000000e0000000,0x00000000f9200000,0x00000000f9200000)
  from space 52224K, 18% used [0x00000000fc400000,0x00000000fcd78938,0x00000000ff700000)
  to   space 51200K, 0% used [0x00000000f9200000,0x00000000f9200000,0x00000000fc400000)
 ParOldGen       total 1048576K, used 431985K [0x00000000a0000000, 0x00000000e0000000, 0x00000000e0000000)
  object space 1048576K, 41% used [0x00000000a0000000,0x00000000ba5dc788,0x00000000e0000000)
 Metaspace       used 522649K, capacity 539241K, committed 547968K, reserved 1529856K
  class space    used 62816K, capacity 66098K, committed 67968K, reserved 1048576K
Event: 3314.600 GC heap after
Heap after GC invocations=303 (full 18):
 PSYoungGen      total 462848K, used 22536K [0x00000000e0000000, 0x00000000ffe00000, 0x0000000100000000)
  eden space 411648K, 0% used [0x00000000e0000000,0x00000000e0000000,0x00000000f9200000)
  from space 51200K, 44% used [0x00000000f9200000,0x00000000fa802190,0x00000000fc400000)
  to   space 50688K, 0% used [0x00000000fcc80000,0x00000000fcc80000,0x00000000ffe00000)
 ParOldGen       total 1048576K, used 438491K [0x00000000a0000000, 0x00000000e0000000, 0x00000000e0000000)
  object space 1048576K, 41% used [0x00000000a0000000,0x00000000bac36e40,0x00000000e0000000)
 Metaspace       used 522649K, capacity 539241K, committed 547968K, reserved 1529856K
  class space    used 62816K, capacity 66098K, committed 67968K, reserved 1048576K
}
Event: 3315.566 GC heap before
{Heap before GC invocations=304 (full 18):
 PSYoungGen      total 462848K, used 434184K [0x00000000e0000000, 0x00000000ffe00000, 0x0000000100000000)
  eden space 411648K, 100% used [0x00000000e0000000,0x00000000f9200000,0x00000000f9200000)
  from space 51200K, 44% used [0x00000000f9200000,0x00000000fa802190,0x00000000fc400000)
  to   space 50688K, 0% used [0x00000000fcc80000,0x00000000fcc80000,0x00000000ffe00000)
 ParOldGen       total 1048576K, used 438491K [0x00000000a0000000, 0x00000000e0000000, 0x00000000e0000000)
  object space 1048576K, 41% used [0x00000000a0000000,0x00000000bac36e40,0x00000000e0000000)
 Metaspace       used 522649K, capacity 539241K, committed 547968K, reserved 1529856K
  class space    used 62816K, capacity 66098K, committed 67968K, reserved 1048576K
Event: 3315.582 GC heap after
Heap after GC invocations=304 (full 18):
 PSYoungGen      total 467456K, used 15366K [0x00000000e0000000, 0x00000000ff880000, 0x0000000100000000)
  eden space 422400K, 0% used [0x00000000e0000000,0x00000000e0000000,0x00000000f9c80000)
  from space 45056K, 34% used [0x00000000fcc80000,0x00000000fdb81830,0x00000000ff880000)
  to   space 47104K, 0% used [0x00000000f9c80000,0x00000000f9c80000,0x00000000fca80000)
 ParOldGen       total 1048576K, used 448501K [0x00000000a0000000, 0x00000000e0000000, 0x00000000e0000000)
  object space 1048576K, 42% used [0x00000000a0000000,0x00000000bb5fd410,0x00000000e0000000)
 Metaspace       used 522649K, capacity 539241K, committed 547968K, reserved 1529856K
  class space    used 62816K, capacity 66098K, committed 67968K, reserved 1048576K
}
Event: 3316.723 GC heap before
{Heap before GC invocations=305 (full 18):
 PSYoungGen      total 467456K, used 437766K [0x00000000e0000000, 0x00000000ff880000, 0x0000000100000000)
  eden space 422400K, 100% used [0x00000000e0000000,0x00000000f9c80000,0x00000000f9c80000)
  from space 45056K, 34% used [0x00000000fcc80000,0x00000000fdb81830,0x00000000ff880000)
  to   space 47104K, 0% used [0x00000000f9c80000,0x00000000f9c80000,0x00000000fca80000)
 ParOldGen       total 1048576K, used 448501K [0x00000000a0000000, 0x00000000e0000000, 0x00000000e0000000)
  object space 1048576K, 42% used [0x00000000a0000000,0x00000000bb5fd410,0x00000000e0000000)
 Metaspace       used 522649K, capacity 539241K, committed 547968K, reserved 1529856K
  class space    used 62816K, capacity 66098K, committed 67968K, reserved 1048576K
Event: 3316.751 GC heap after
Heap after GC invocations=305 (full 18):
 PSYoungGen      total 469504K, used 21618K [0x00000000e0000000, 0x0000000100000000, 0x0000000100000000)
  eden space 422400K, 0% used [0x00000000e0000000,0x00000000e0000000,0x00000000f9c80000)
  from space 47104K, 45% used [0x00000000f9c80000,0x00000000fb19cb88,0x00000000fca80000)
  to   space 46080K, 0% used [0x00000000fd300000,0x00000000fd300000,0x0000000100000000)
 ParOldGen       total 1048576K, used 451676K [0x00000000a0000000, 0x00000000e0000000, 0x00000000e0000000)
  object space 1048576K, 43% used [0x00000000a0000000,0x00000000bb917178,0x00000000e0000000)
 Metaspace       used 522649K, capacity 539241K, committed 547968K, reserved 1529856K
  class space    used 62816K, capacity 66098K, committed 67968K, reserved 1048576K
}
Event: 3317.723 GC heap before
{Heap before GC invocations=306 (full 18):
 PSYoungGen      total 469504K, used 444018K [0x00000000e0000000, 0x0000000100000000, 0x0000000100000000)
  eden space 422400K, 100% used [0x00000000e0000000,0x00000000f9c80000,0x00000000f9c80000)
  from space 47104K, 45% used [0x00000000f9c80000,0x00000000fb19cb88,0x00000000fca80000)
  to   space 46080K, 0% used [0x00000000fd300000,0x00000000fd300000,0x0000000100000000)
 ParOldGen       total 1048576K, used 451676K [0x00000000a0000000, 0x00000000e0000000, 0x00000000e0000000)
  object space 1048576K, 43% used [0x00000000a0000000,0x00000000bb917178,0x00000000e0000000)
 Metaspace       used 522660K, capacity 539267K, committed 547968K, reserved 1529856K
  class space    used 62819K, capacity 66103K, committed 67968K, reserved 1048576K
Event: 3317.744 GC heap after
Heap after GC invocations=306 (full 18):
 PSYoungGen      total 472064K, used 11727K [0x00000000e0000000, 0x00000000ffb00000, 0x0000000100000000)
  eden space 431104K, 0% used [0x00000000e0000000,0x00000000e0000000,0x00000000fa500000)
  from space 40960K, 28% used [0x00000000fd300000,0x00000000fde73da8,0x00000000ffb00000)
  to   space 44032K, 0% used [0x00000000fa500000,0x00000000fa500000,0x00000000fd000000)
 ParOldGen       total 1048576K, used 458159K [0x00000000a0000000, 0x00000000e0000000, 0x00000000e0000000)
  object space 1048576K, 43% used [0x00000000a0000000,0x00000000bbf6bf30,0x00000000e0000000)
 Metaspace       used 522660K, capacity 539267K, committed 547968K, reserved 1529856K
  class space    used 62819K, capacity 66103K, committed 67968K, reserved 1048576K
}
Event: 3319.151 GC heap before
{Heap before GC invocations=307 (full 18):
 PSYoungGen      total 472064K, used 442831K [0x00000000e0000000, 0x00000000ffb00000, 0x0000000100000000)
  eden space 431104K, 100% used [0x00000000e0000000,0x00000000fa500000,0x00000000fa500000)
  from space 40960K, 28% used [0x00000000fd300000,0x00000000fde73da8,0x00000000ffb00000)
  to   space 44032K, 0% used [0x00000000fa500000,0x00000000fa500000,0x00000000fd000000)
 ParOldGen       total 1048576K, used 458159K [0x00000000a0000000, 0x00000000e0000000, 0x00000000e0000000)
  object space 1048576K, 43% used [0x00000000a0000000,0x00000000bbf6bf30,0x00000000e0000000)
 Metaspace       used 522660K, capacity 539267K, committed 547968K, reserved 1529856K
  class space    used 62819K, capacity 66103K, committed 67968K, reserved 1048576K
Event: 3319.185 GC heap after
Heap after GC invocations=307 (full 18):
 PSYoungGen      total 475136K, used 27107K [0x00000000e0000000, 0x0000000100000000, 0x0000000100000000)
  eden space 431104K, 0% used [0x00000000e0000000,0x00000000e0000000,0x00000000fa500000)
  from space 44032K, 61% used [0x00000000fa500000,0x00000000fbf78de0,0x00000000fd000000)
  to   space 45568K, 0% used [0x00000000fd380000,0x00000000fd380000,0x0000000100000000)
 ParOldGen       total 1048576K, used 461592K [0x00000000a0000000, 0x00000000e0000000, 0x00000000e0000000)
  object space 1048576K, 44% used [0x00000000a0000000,0x00000000bc2c60a8,0x00000000e0000000)
 Metaspace       used 522660K, capacity 539267K, committed 547968K, reserved 1529856K
  class space    used 62819K, capacity 66103K, committed 67968K, reserved 1048576K
}

